%!Adobe-FontList 1.24
%Locale:0x409

%BeginFont
Handler:DirectoryHandler
FontType:Invalid
OutlineFileName:/Users/cthuynh/Documents/porfolioMac/iNhaTrangKaiiros/iNhatrang.fr/cartreFidelité/Carte de fidelité  Folder/Document fonts/AdobeFnt24.lst
FileLength:2699
FileModTime:765263643
%EndFont

%BeginFont
Handler:DirectoryHandler
FontType:TrueType
FontName:Inter-Light
FamilyName:Inter
StyleName:Light
MenuName:Inter Light
StyleBits:0
WeightClass:300
WidthClass:5
AngleClass:0
FullName:Inter Light
WritingScript:Roman
OutlineFileName:/Users/cthuynh/Documents/porfolioMac/iNhaTrangKaiiros/iNhatrang.fr/cartreFidelité/Carte de fidelité  Folder/Document fonts/Inter-Light.ttf
DataFormat:sfntData
hasSVG:no
hasSBIX:no
hasCOLR:no
VariableFontType:NonVariableFont
FileLength:310420
FileModTime:601509600
NameArray:0,Win,1,Inter Light
NameArray:0,Win,16,Inter
%EndFont

%BeginFont
Handler:DirectoryHandler
FontType:TrueType
FontName:Inter-SemiBold
FamilyName:Inter
StyleName:SemiBold
MenuName:Inter SemiBold
StyleBits:0
WeightClass:600
WidthClass:5
AngleClass:0
FullName:Inter SemiBold
WritingScript:Roman
OutlineFileName:/Users/cthuynh/Documents/porfolioMac/iNhaTrangKaiiros/iNhatrang.fr/cartreFidelité/Carte de fidelité  Folder/Document fonts/Inter-SemiBold.ttf
DataFormat:sfntData
hasSVG:no
hasSBIX:no
hasCOLR:no
VariableFontType:NonVariableFont
FileLength:315756
FileModTime:601509600
NameArray:0,Win,1,Inter SemiBold
NameArray:0,Win,16,Inter
%EndFont

%BeginFont
Handler:DirectoryHandler
FontType:TrueType
FontName:Merienda-Regular
FamilyName:Merienda
StyleName:Regular
MenuName:Merienda
FamilyPrefix:Merienda
StyleBits:0
WeightClass:400
WidthClass:5
AngleClass:0
FullName:Merienda Regular
WritingScript:Roman
OutlineFileName:/Users/cthuynh/Documents/porfolioMac/iNhaTrangKaiiros/iNhatrang.fr/cartreFidelité/Carte de fidelité  Folder/Document fonts/Merienda-VariableFont_wght.ttf
DataFormat:sfntData
hasSVG:no
hasSBIX:no
hasCOLR:no
VariableFontType:TrueTypeVariableFont
FileLength:227476
FileModTime:747184280
NameArray:0,Win,1,Merienda
%EndFont

%BeginFont
Handler:DirectoryHandler
FontType:Type1
FontName:MinionPro-Regular
FamilyName:Minion Pro
StyleName:Regular
MenuName:Minion Pro
StyleBits:0
WeightClass:400
WidthClass:5
AngleClass:0
FullName:Minion Pro
WritingScript:Roman
OutlineFileName:/Users/cthuynh/Documents/porfolioMac/iNhaTrangKaiiros/iNhatrang.fr/cartreFidelité/Carte de fidelité  Folder/Document fonts/MinionPro-Regular.otf
DataFormat:sfntData
UsesStandardEncoding:yes
isCFF:yes
hasSVG:no
hasSBIX:no
hasCOLR:no
VariableFontType:NonVariableFont
FileLength:218640
FileModTime:736689789
DesignSize:110
NameArray:0,Mac,4,Minion Pro
NameArray:0,Win,1,Minion Pro
%EndFont

